Arguments: 
  /usr/local/bin/node /opt/yarn-v1.22.19/bin/yarn.js install

PATH: 
  /project/home/pitcher-host/.nix-profile/bin:/nix/var/nix/profiles/default/bin:/project/home/pitcher-host/.local/state/fnm_multishells/1577_1679379164049/bin:/usr/share/fnm:/usr/local/sbin:/usr/local/bin:/usr/sbin:/usr/bin:/sbin:/bin

Yarn version: 
  1.22.19

Node version: 
  16.17.0

Platform: 
  linux x64

Trace: 
  Error: https://registry.yarnpkg.com/@: Request "https://registry.yarnpkg.com/@" returned a 405
      at Request.params.callback [as _callback] (/opt/yarn-v1.22.19/lib/cli.js:66154:18)
      at Request.self.callback (/opt/yarn-v1.22.19/lib/cli.js:140890:22)
      at Request.emit (node:events:513:28)
      at Request.<anonymous> (/opt/yarn-v1.22.19/lib/cli.js:141862:10)
      at Request.emit (node:events:513:28)
      at IncomingMessage.<anonymous> (/opt/yarn-v1.22.19/lib/cli.js:141784:12)
      at Object.onceWrapper (node:events:627:28)
      at IncomingMessage.emit (node:events:525:35)
      at endReadableNT (node:internal/streams/readable:1358:12)
      at processTicksAndRejections (node:internal/process/task_queues:83:21)

npm manifest: 
  {
    "name": "koajs-example-starter",
    "description": "Starting point for apps based on the Koa web framework.",
    "author": {
      "name": "Bogdan Luca",
      "email": "bogdan@codesandbox.io"
    },
    "version": "1.0.0",
    "license": "GPL-3.0",
    "scripts": {
      "dev": "nodemon index.js"
    },
    "devDependencies": {
      "@elastic/elasticsearch": "^8.6.0",
      "mysql": "^2.18.1",
      "nodemon": "^2.0.1"
    },
    "dependencies": {
      "": "",
      "koa": "^2.11.0",
      "koa-bodyparser": "^4.2.1",
      "koa-logger": "^3.2.1",
      "koa-router": "^7.4.0"
    },
    "keywords": [
      "koa",
      "nodejs",
      "koajs"
    ]
  }

yarn manifest: 
  No manifest

Lockfile: 
  # THIS IS AN AUTOGENERATED FILE. DO NOT EDIT THIS FILE DIRECTLY.
  # yarn lockfile v1
  
  
  "@elastic/elasticsearch@^8.6.0":
    "integrity" "sha512-mN5EbbgSp1rfRmQ/5Hv7jqAK8xhGJxCg7G84xje8hSefE59P+HPPCv/+DgesCUSJdZpwXIo0DwOWHfHvktxxLw=="
    "resolved" "https://registry.npmjs.org/@elastic/elasticsearch/-/elasticsearch-8.6.0.tgz"
    "version" "8.6.0"
    dependencies:
      "@elastic/transport" "^8.3.1"
      "tslib" "^2.4.0"
  
  "@elastic/transport@^8.3.1":
    "integrity" "sha512-jv/Yp2VLvv5tSMEOF8iGrtL2YsYHbpf4s+nDsItxUTLFTzuJGpnsB/xBlfsoT2kAYEnWHiSJuqrbRcpXEI/SEQ=="
    "resolved" "https://registry.npmjs.org/@elastic/transport/-/transport-8.3.1.tgz"
    "version" "8.3.1"
    dependencies:
      "debug" "^4.3.4"
      "hpagent" "^1.0.0"
      "ms" "^2.1.3"
      "secure-json-parse" "^2.4.0"
      "tslib" "^2.4.0"
      "undici" "^5.5.1"
  
  "abbrev@1":
    "integrity" "sha512-nne9/IiQ/hzIhY6pdDnbBtz7DjPTKrY00P/zvPSm5pOFkl6xuGrGnXn/VtTNNfNtAfZ9/1RtehkszU9qcTii0Q=="
    "resolved" "https://registry.npmjs.org/abbrev/-/abbrev-1.1.1.tgz"
    "version" "1.1.1"
  
  "accepts@^1.3.5":
    "integrity" "sha512-Il80Qs2WjYlJIBNzNkK6KYqlVMTbZLXgHx2oT0pU/fjRHyEp+PEfEPY0R3WCwAGVOtauxh1hOxNgIf5bv7dQpA=="
    "resolved" "https://registry.npmjs.org/accepts/-/accepts-1.3.7.tgz"
    "version" "1.3.7"
    dependencies:
      "mime-types" "~2.1.24"
      "negotiator" "0.6.2"
  
  "ansi-align@^2.0.0":
    "integrity" "sha1-w2rsy6VjuJzrVW82kPCx2eNUf38="
    "resolved" "https://registry.npmjs.org/ansi-align/-/ansi-align-2.0.0.tgz"
    "version" "2.0.0"
    dependencies:
      "string-width" "^2.0.0"
  
  "ansi-regex@^3.0.0":
    "integrity" "sha1-7QMXwyIGT3lGbAKWa922Bas32Zg="
    "resolved" "https://registry.npmjs.org/ansi-regex/-/ansi-regex-3.0.0.tgz"
    "version" "3.0.0"
  
  "ansi-styles@^3.2.1":
    "integrity" "sha512-VT0ZI6kZRdTh8YyJw3SMbYm/u+NqfsAxEpWO0Pf9sq8/e94WxxOpPKx9FR1FlyCtOVDNOQ+8ntlqFxiRc+r5qA=="
    "resolved" "https://registry.npmjs.org/ansi-styles/-/ansi-styles-3.2.1.tgz"
    "version" "3.2.1"
    dependencies:
      "color-convert" "^1.9.0"
  
  "any-promise@^1.1.0":
    "integrity" "sha1-q8av7tzqUugJzcA3au0845Y10X8="
    "resolved" "https://registry.npmjs.org/any-promise/-/any-promise-1.3.0.tgz"
    "version" "1.3.0"
  
  "anymatch@~3.1.1":
    "integrity" "sha512-mM8522psRCqzV+6LhomX5wgp25YVibjh8Wj23I5RPkPppSVSjyKD2A2mBJmWGa+KN7f2D6LNh9jkBCeyLktzjg=="
    "resolved" "https://registry.npmjs.org/anymatch/-/anymatch-3.1.1.tgz"
    "version" "3.1.1"
    dependencies:
      "normalize-path" "^3.0.0"
      "picomatch" "^2.0.4"
  
  "balanced-match@^1.0.0":
    "integrity" "sha1-ibTRmasr7kneFk6gK4nORi1xt2c="
    "resolved" "https://registry.npmjs.org/balanced-match/-/balanced-match-1.0.0.tgz"
    "version" "1.0.0"
  
  "bignumber.js@9.0.0":
    "integrity" "sha512-t/OYhhJ2SD+YGBQcjY8GzzDHEk9f3nerxjtfa6tlMXfe7frs/WozhvCNoGvpM0P3bNf3Gq5ZRMlGr5f3r4/N8A=="
    "resolved" "https://registry.npmjs.org/bignumber.js/-/bignumber.js-9.0.0.tgz"
    "version" "9.0.0"
  
  "binary-extensions@^2.0.0":
    "integrity" "sha512-Phlt0plgpIIBOGTT/ehfFnbNlfsDEiqmzE2KRXoX1bLIlir4X/MR+zSyBEkL05ffWgnRSf/DXv+WrUAVr93/ow=="
    "resolved" "https://registry.npmjs.org/binary-extensions/-/binary-extensions-2.0.0.tgz"
    "version" "2.0.0"
  
  "boxen@^1.2.1":
    "integrity" "sha512-TNPjfTr432qx7yOjQyaXm3dSR0MH9vXp7eT1BFSl/C51g+EFnOR9hTg1IreahGBmDNCehscshe45f+C1TBZbLw=="
    "resolved" "https://registry.npmjs.org/boxen/-/boxen-1.3.0.tgz"
    "version" "1.3.0"
    dependencies:
      "ansi-align" "^2.0.0"
      "camelcase" "^4.0.0"
      "chalk" "^2.0.1"
      "cli-boxes" "^1.0.0"
      "string-width" "^2.0.0"
      "term-size" "^1.2.0"
      "widest-line" "^2.0.0"
  
  "brace-expansion@^1.1.7":
    "integrity" "sha512-iCuPHDFgrHX7H2vEI/5xpz07zSHB00TpugqhmYtVmMO6518mCuRMoOYFldEBl0g187ufozdaHgWKcYFb61qGiA=="
    "resolved" "https://registry.npmjs.org/brace-expansion/-/brace-expansion-1.1.11.tgz"
    "version" "1.1.11"
    dependencies:
      "balanced-match" "^1.0.0"
      "concat-map" "0.0.1"
  
  "braces@~3.0.2":
    "integrity" "sha512-b8um+L1RzM3WDSzvhm6gIz1yfTbBt6YTlcEKAvsmqCZZFw46z626lVj9j1yEPW33H5H+lBQpZMP1k8l+78Ha0A=="
    "resolved" "https://registry.npmjs.org/braces/-/braces-3.0.2.tgz"
    "version" "3.0.2"
    dependencies:
      "fill-range" "^7.0.1"
  
  "busboy@^1.6.0":
    "integrity" "sha512-8SFQbg/0hQ9xy3UNTB0YEnsNBbWfhf7RtnzpL7TkBiTBRfrQ9Fxcnz7VJsleJpyp6rVLvXiuORqjlHi5q+PYuA=="
    "resolved" "https://registry.npmjs.org/busboy/-/busboy-1.6.0.tgz"
    "version" "1.6.0"
    dependencies:
      "streamsearch" "^1.1.0"
  
  "bytes@^3.1.0", "bytes@3.1.0":
    "integrity" "sha512-zauLjrfCG+xvoyaqLoV8bLVXXNGC4JqlxFCutSDWA6fJrTo2ZuvLYTqZ7aHBLZSMOopbzwv8f+wZcVzfVTI2Dg=="
    "resolved" "https://registry.npmjs.org/bytes/-/bytes-3.1.0.tgz"
    "version" "3.1.0"
  
  "cache-content-type@^1.0.0":
    "integrity" "sha512-IKufZ1o4Ut42YUrZSo8+qnMTrFuKkvyoLXUywKz9GJ5BrhOFGhLdkx9sG4KAnVvbY6kEcSFjLQul+DVmBm2bgA=="
    "resolved" "https://registry.npmjs.org/cache-content-type/-/cache-content-type-1.0.1.tgz"
    "version" "1.0.1"
    dependencies:
      "mime-types" "^2.1.18"
      "ylru" "^1.2.0"
  
  "camelcase@^4.0.0":
    "integrity" "sha1-1UVjW+HjPFQmScaRc+Xeas+uNN0="
    "resolved" "https://registry.npmjs.org/camelcase/-/camelcase-4.1.0.tgz"
    "version" "4.1.0"
  
  "capture-stack-trace@^1.0.0":
    "integrity" "sha512-mYQLZnx5Qt1JgB1WEiMCf2647plpGeQ2NMR/5L0HNZzGQo4fuSPnK+wjfPnKZV0aiJDgzmWqqkV/g7JD+DW0qw=="
    "resolved" "https://registry.npmjs.org/capture-stack-trace/-/capture-stack-trace-1.0.1.tgz"
    "version" "1.0.1"
  
  "chalk@^2.0.1", "chalk@^2.4.2":
    "integrity" "sha512-Mti+f9lpJNcwF4tWV8/OrTTtF1gZi+f8FqlyAdouralcFWFQWF2+NgCHShjkCb+IFBLq9buZwE1xckQU4peSuQ=="
    "resolved" "https://registry.npmjs.org/chalk/-/chalk-2.4.2.tgz"
    "version" "2.4.2"
    dependencies:
      "ansi-styles" "^3.2.1"
      "escape-string-regexp" "^1.0.5"
      "supports-color" "^5.3.0"
  
  "chokidar@^3.2.2":
    "integrity" "sha512-dGmKLDdT3Gdl7fBUe8XK+gAtGmzy5Fn0XkkWQuYxGIgWVPPse2CxFA5mtrlD0TOHaHjEUqkWNyP1XdHoJES/4A=="
    "resolved" "https://registry.npmjs.org/chokidar/-/chokidar-3.3.0.tgz"
    "version" "3.3.0"
    dependencies:
      "anymatch" "~3.1.1"
      "braces" "~3.0.2"
      "glob-parent" "~5.1.0"
      "is-binary-path" "~2.1.0"
      "is-glob" "~4.0.1"
      "normalize-path" "~3.0.0"
      "readdirp" "~3.2.0"
    optionalDependencies:
      "fsevents" "~2.1.1"
  
  "ci-info@^1.5.0":
    "integrity" "sha512-vsGdkwSCDpWmP80ncATX7iea5DWQemg1UgCW5J8tqjU3lYw4FBYuj89J0CTVomA7BEfvSZd84GmHko+MxFQU2A=="
    "resolved" "https://registry.npmjs.org/ci-info/-/ci-info-1.6.0.tgz"
    "version" "1.6.0"
  
  "cli-boxes@^1.0.0":
    "integrity" "sha1-T6kXw+WclKAEzWH47lCdplFocUM="
    "resolved" "https://registry.npmjs.org/cli-boxes/-/cli-boxes-1.0.0.tgz"
    "version" "1.0.0"
  
  "co-body@^6.0.0":
    "integrity" "sha512-9ZIcixguuuKIptnY8yemEOuhb71L/lLf+Rl5JfJEUiDNJk0e02MBt7BPxR2GEh5mw8dPthQYR4jPI/BnS1MQgw=="
    "resolved" "https://registry.npmjs.org/co-body/-/co-body-6.0.0.tgz"
    "version" "6.0.0"
    dependencies:
      "inflation" "^2.0.0"
      "qs" "^6.5.2"
      "raw-body" "^2.3.3"
      "type-is" "^1.6.16"
  
  "co@^4.6.0":
    "integrity" "sha1-bqa989hTrlTMuOR7+gvz+QMfsYQ="
    "resolved" "https://registry.npmjs.org/co/-/co-4.6.0.tgz"
    "version" "4.6.0"
  
  "color-convert@^1.9.0":
    "integrity" "sha512-QfAUtd+vFdAtFQcC8CCyYt1fYWxSqAiK2cSD6zDB8N3cpsEBAvRxp9zOGg6G/SHHJYAT88/az/IuDGALsNVbGg=="
    "resolved" "https://registry.npmjs.org/color-convert/-/color-convert-1.9.3.tgz"
    "version" "1.9.3"
    dependencies:
      "color-name" "1.1.3"
  
  "color-name@1.1.3":
    "integrity" "sha1-p9BVi9icQveV3UIyj3QIMcpTvCU="
    "resolved" "https://registry.npmjs.org/color-name/-/color-name-1.1.3.tgz"
    "version" "1.1.3"
  
  "concat-map@0.0.1":
    "integrity" "sha1-2Klr13/Wjfd5OnMDajug1UBdR3s="
    "resolved" "https://registry.npmjs.org/concat-map/-/concat-map-0.0.1.tgz"
    "version" "0.0.1"
  
  "configstore@^3.0.0":
    "integrity" "sha512-vtv5HtGjcYUgFrXc6Kx747B83MRRVS5R1VTEQoXvuP+kMI+if6uywV0nDGoiydJRy4yk7h9od5Og0kxx4zUXmw=="
    "resolved" "https://registry.npmjs.org/configstore/-/configstore-3.1.2.tgz"
    "version" "3.1.2"
    dependencies:
      "dot-prop" "^4.1.0"
      "graceful-fs" "^4.1.2"
      "make-dir" "^1.0.0"
      "unique-string" "^1.0.0"
      "write-file-atomic" "^2.0.0"
      "xdg-basedir" "^3.0.0"
  
  "content-disposition@~0.5.2":
    "integrity" "sha512-ExO0774ikEObIAEV9kDo50o+79VCUdEB6n6lzKgGwupcVeRlhrj3qGAfwq8G6uBJjkqLrhT0qEYFcWng8z1z0g=="
    "resolved" "https://registry.npmjs.org/content-disposition/-/content-disposition-0.5.3.tgz"
    "version" "0.5.3"
    dependencies:
      "safe-buffer" "5.1.2"
  
  "content-type@^1.0.4":
    "integrity" "sha512-hIP3EEPs8tB9AT1L+NUqtwOAps4mk2Zob89MWXMHjHWg9milF/j4osnnQLXBCBFBk/tvIG/tUc9mOUJiPBhPXA=="
    "resolved" "https://registry.npmjs.org/content-type/-/content-type-1.0.4.tgz"
    "version" "1.0.4"
  
  "cookies@~0.8.0":
    "integrity" "sha512-8aPsApQfebXnuI+537McwYsDtjVxGm8gTIzQI3FDW6t5t/DAhERxtnbEPN/8RX+uZthoz4eCOgloXaE5cYyNow=="
    "resolved" "https://registry.npmjs.org/cookies/-/cookies-0.8.0.tgz"
    "version" "0.8.0"
    dependencies:
      "depd" "~2.0.0"
      "keygrip" "~1.1.0"
  
  "copy-to@^2.0.1":
    "integrity" "sha1-JoD7uAaKSNCGVrYJgJK9r8kG9KU="
    "resolved" "https://registry.npmjs.org/copy-to/-/copy-to-2.0.1.tgz"
    "version" "2.0.1"
  
  "core-util-is@~1.0.0":
    "integrity" "sha512-ZQBvi1DcpJ4GDqanjucZ2Hj3wEO5pZDS89BWbkcrvdxksJorwUDDZamX9ldFkp9aw2lmBDLgkObEA4DWNJ9FYQ=="
    "resolved" "https://registry.npmjs.org/core-util-is/-/core-util-is-1.0.3.tgz"
    "version" "1.0.3"
  
  "create-error-class@^3.0.0":
    "integrity" "sha1-Br56vvlHo/FKMP1hBnHUAbyot7Y="
    "resolved" "https://registry.npmjs.org/create-error-class/-/create-error-class-3.0.2.tgz"
    "version" "3.0.2"
    dependencies:
      "capture-stack-trace" "^1.0.0"
  
  "cross-spawn@^5.0.1":
    "integrity" "sha1-6L0O/uWPz/b4+UUQoKVUu/ojVEk="
    "resolved" "https://registry.npmjs.org/cross-spawn/-/cross-spawn-5.1.0.tgz"
    "version" "5.1.0"
    dependencies:
      "lru-cache" "^4.0.1"
      "shebang-command" "^1.2.0"
      "which" "^1.2.9"
  
  "crypto-random-string@^1.0.0":
    "integrity" "sha1-ojD2T1aDEOFJgAmUB5DsmVRbyn4="
    "resolved" "https://registry.npmjs.org/crypto-random-string/-/crypto-random-string-1.0.0.tgz"
    "version" "1.0.0"
  
  "debug@^2.2.0":
    "integrity" "sha512-bC7ElrdJaJnPbAP+1EotYvqZsb3ecl5wi6Bfi6BJTUcNowp6cvspg0jXznRTKDjm/E7AdgFBVeAPVMNcKGsHMA=="
    "resolved" "https://registry.npmjs.org/debug/-/debug-2.6.9.tgz"
    "version" "2.6.9"
    dependencies:
      "ms" "2.0.0"
  
  "debug@^3.1.0", "debug@^3.2.6":
    "integrity" "sha512-mel+jf7nrtEl5Pn1Qx46zARXKDpBbvzezse7p7LqINmdoIk8PYP5SySaxEmYv6TZ0JyEKA1hsCId6DIhgITtWQ=="
    "resolved" "https://registry.npmjs.org/debug/-/debug-3.2.6.tgz"
    "version" "3.2.6"
    dependencies:
      "ms" "^2.1.1"
  
  "debug@^4.3.4":
    "integrity" "sha512-PRWFHuSU3eDtQJPvnNY7Jcket1j0t5OuOsFzPPzsekD52Zl8qUfFIPEiswXqIvHWGVHOgX+7G/vCNNhehwxfkQ=="
    "resolved" "https://registry.npmjs.org/debug/-/debug-4.3.4.tgz"
    "version" "4.3.4"
    dependencies:
      "ms" "2.1.2"
  
  "debug@~3.1.0":
    "integrity" "sha512-OX8XqP7/1a9cqkxYw2yXss15f26NKWBpDXQd0/uK/KPqdQhxbPa994hnzjcE2VqQpDslf55723cKPUOGSmMY3g=="
    "resolved" "https://registry.npmjs.org/debug/-/debug-3.1.0.tgz"
    "version" "3.1.0"
    dependencies:
      "ms" "2.0.0"
  
  "deep-equal@~1.0.1":
    "integrity" "sha1-9dJgKStmDghO/0zbyfCK0yR0SLU="
    "resolved" "https://registry.npmjs.org/deep-equal/-/deep-equal-1.0.1.tgz"
    "version" "1.0.1"
  
  "deep-extend@^0.6.0":
    "integrity" "sha512-LOHxIOaPYdHlJRtCQfDIVZtfw/ufM8+rVj649RIHzcm/vGwQRXFt6OPqIFWsm2XEMrNIEtWR64sY1LEKD2vAOA=="
    "resolved" "https://registry.npmjs.org/deep-extend/-/deep-extend-0.6.0.tgz"
    "version" "0.6.0"
  
  "delegates@^1.0.0":
    "integrity" "sha1-hMbhWbgZBP3KWaDvRM2HDTElD5o="
    "resolved" "https://registry.npmjs.org/delegates/-/delegates-1.0.0.tgz"
    "version" "1.0.0"
  
  "depd@^1.1.2", "depd@~1.1.2":
    "integrity" "sha1-m81S4UwJd2PnSbJ0xDRu0uVgtak="
    "resolved" "https://registry.npmjs.org/depd/-/depd-1.1.2.tgz"
    "version" "1.1.2"
  
  "depd@~2.0.0":
    "integrity" "sha512-g7nH6P6dyDioJogAAGprGpCtVImJhpPk/roCzdb3fIh61/s/nPsfR6onyMwkCAR/OlC3yBC0lESvUoQEAssIrw=="
    "resolved" "https://registry.npmjs.org/depd/-/depd-2.0.0.tgz"
    "version" "2.0.0"
  
  "destroy@^1.0.4":
    "integrity" "sha1-l4hXRCxEdJ5CBmE+N5RiBYJqvYA="
    "resolved" "https://registry.npmjs.org/destroy/-/destroy-1.0.4.tgz"
    "version" "1.0.4"
  
  "dot-prop@^4.1.0":
    "integrity" "sha512-tUMXrxlExSW6U2EXiiKGSBVdYgtV8qlHL+C10TsW4PURY/ic+eaysnSkwB4kA/mBlCyy/IKDJ+Lc3wbWeaXtuQ=="
    "resolved" "https://registry.npmjs.org/dot-prop/-/dot-prop-4.2.0.tgz"
    "version" "4.2.0"
    dependencies:
      "is-obj" "^1.0.0"
  
  "duplexer3@^0.1.4":
    "integrity" "sha1-7gHdHKwO08vH/b6jfcCo8c4ALOI="
    "resolved" "https://registry.npmjs.org/duplexer3/-/duplexer3-0.1.4.tgz"
    "version" "0.1.4"
  
  "ee-first@1.1.1":
    "integrity" "sha1-WQxhFWsK4vTwJVcyoViyZrxWsh0="
    "resolved" "https://registry.npmjs.org/ee-first/-/ee-first-1.1.1.tgz"
    "version" "1.1.1"
  
  "encodeurl@^1.0.2":
    "integrity" "sha1-rT/0yG7C0CkyL1oCw6mmBslbP1k="
    "resolved" "https://registry.npmjs.org/encodeurl/-/encodeurl-1.0.2.tgz"
    "version" "1.0.2"
  
  "error-inject@^1.0.0":
    "integrity" "sha1-4rPZG1Su1nLzCdlQ0VSFD6EdTzc="
    "resolved" "https://registry.npmjs.org/error-inject/-/error-inject-1.0.0.tgz"
    "version" "1.0.0"
  
  "escape-html@^1.0.3":
    "integrity" "sha1-Aljq5NPQwJdN4cFpGI7wBR0dGYg="
    "resolved" "https://registry.npmjs.org/escape-html/-/escape-html-1.0.3.tgz"
    "version" "1.0.3"
  
  "escape-string-regexp@^1.0.5":
    "integrity" "sha1-G2HAViGQqN/2rjuyzwIAyhMLhtQ="
    "resolved" "https://registry.npmjs.org/escape-string-regexp/-/escape-string-regexp-1.0.5.tgz"
    "version" "1.0.5"
  
  "execa@^0.7.0":
    "integrity" "sha1-lEvs00zEHuMqY6n68nrVpl/Fl3c="
    "resolved" "https://registry.npmjs.org/execa/-/execa-0.7.0.tgz"
    "version" "0.7.0"
    dependencies:
      "cross-spawn" "^5.0.1"
      "get-stream" "^3.0.0"
      "is-stream" "^1.1.0"
      "npm-run-path" "^2.0.0"
      "p-finally" "^1.0.0"
      "signal-exit" "^3.0.0"
      "strip-eof" "^1.0.0"
  
  "fill-range@^7.0.1":
    "integrity" "sha512-qOo9F+dMUmC2Lcb4BbVvnKJxTPjCm+RRpe4gDuGrzkL7mEVl/djYSu2OdQ2Pa302N4oqkSg9ir6jaLWJ2USVpQ=="
    "resolved" "https://registry.npmjs.org/fill-range/-/fill-range-7.0.1.tgz"
    "version" "7.0.1"
    dependencies:
      "to-regex-range" "^5.0.1"
  
  "fresh@~0.5.2":
    "integrity" "sha1-PYyt2Q2XZWn6g1qx+OSyOhBWBac="
    "resolved" "https://registry.npmjs.org/fresh/-/fresh-0.5.2.tgz"
    "version" "0.5.2"
  
  "get-stream@^3.0.0":
    "integrity" "sha1-jpQ9E1jcN1VQVOy+LtsFqhdO3hQ="
    "resolved" "https://registry.npmjs.org/get-stream/-/get-stream-3.0.0.tgz"
    "version" "3.0.0"
  
  "glob-parent@~5.1.0":
    "integrity" "sha512-qjtRgnIVmOfnKUE3NJAQEdk+lKrxfw8t5ke7SXtfMTHcjsBfOfWXCQfdb30zfDoZQ2IRSIiidmjtbHZPZ++Ihw=="
    "resolved" "https://registry.npmjs.org/glob-parent/-/glob-parent-5.1.0.tgz"
    "version" "5.1.0"
    dependencies:
      "is-glob" "^4.0.1"
  
  "global-dirs@^0.1.0":
    "integrity" "sha1-sxnA3UYH81PzvpzKTHL8FIxJ9EU="
    "resolved" "https://registry.npmjs.org/global-dirs/-/global-dirs-0.1.1.tgz"
    "version" "0.1.1"
    dependencies:
      "ini" "^1.3.4"
  
  "got@^6.7.1":
    "integrity" "sha1-JAzQV4WpoY5WHcG0S0HHY+8ejbA="
    "resolved" "https://registry.npmjs.org/got/-/got-6.7.1.tgz"
    "version" "6.7.1"
    dependencies:
      "create-error-class" "^3.0.0"
      "duplexer3" "^0.1.4"
      "get-stream" "^3.0.0"
      "is-redirect" "^1.0.0"
      "is-retry-allowed" "^1.0.0"
      "is-stream" "^1.0.0"
      "lowercase-keys" "^1.0.0"
      "safe-buffer" "^5.0.1"
      "timed-out" "^4.0.0"
      "unzip-response" "^2.0.1"
      "url-parse-lax" "^1.0.0"
  
  "graceful-fs@^4.1.11", "graceful-fs@^4.1.2":
    "integrity" "sha512-a30VEBm4PEdx1dRB7MFK7BejejvCvBronbLjht+sHuGYj8PHs7M/5Z+rt5lw551vZ7yfTCj4Vuyy3mSJytDWRQ=="
    "resolved" "https://registry.npmjs.org/graceful-fs/-/graceful-fs-4.2.3.tgz"
    "version" "4.2.3"
  
  "has-flag@^3.0.0":
    "integrity" "sha1-tdRU3CGZriJWmfNGfloH87lVuv0="
    "resolved" "https://registry.npmjs.org/has-flag/-/has-flag-3.0.0.tgz"
    "version" "3.0.0"
  
  "hpagent@^1.0.0":
    "integrity" "sha512-A91dYTeIB6NoXG+PxTQpCCDDnfHsW9kc06Lvpu1TEe9gnd6ZFeiBoRO9JvzEv6xK7EX97/dUE8g/vBMTqTS3CA=="
    "resolved" "https://registry.npmjs.org/hpagent/-/hpagent-1.2.0.tgz"
    "version" "1.2.0"
  
  "http-assert@^1.3.0":
    "integrity" "sha512-rdw7q6GTlibqVVbXr0CKelfV5iY8G2HqEUkhSk297BMbSpSL8crXC+9rjKoMcZZEsksX30le6f/4ul4E28gegw=="
    "resolved" "https://registry.npmjs.org/http-assert/-/http-assert-1.4.1.tgz"
    "version" "1.4.1"
    dependencies:
      "deep-equal" "~1.0.1"
      "http-errors" "~1.7.2"
  
  "http-errors@^1.3.1", "http-errors@^1.6.3", "http-errors@~1.7.2", "http-errors@1.7.3":
    "integrity" "sha512-ZTTX0MWrsQ2ZAhA1cejAwDLycFsd7I7nVtnkT3Ol0aqodaKW+0CTZDQ1uBv5whptCnc8e8HeRRJxRs0kmm/Qfw=="
    "resolved" "https://registry.npmjs.org/http-errors/-/http-errors-1.7.3.tgz"
    "version" "1.7.3"
    dependencies:
      "depd" "~1.1.2"
      "inherits" "2.0.4"
      "setprototypeof" "1.1.1"
      "statuses" ">= 1.5.0 < 2"
      "toidentifier" "1.0.0"
  
  "humanize-number@0.0.2":
    "integrity" "sha1-EcCvakcWQ2M1iFiASPF5lUFInBg="
    "resolved" "https://registry.npmjs.org/humanize-number/-/humanize-number-0.0.2.tgz"
    "version" "0.0.2"
  
  "iconv-lite@0.4.24":
    "integrity" "sha512-v3MXnZAcvnywkTUEZomIActle7RXXeedOR31wwl7VlyoXO4Qi9arvSenNQWne1TcRwhCL1HwLI21bEqdpj8/rA=="
    "resolved" "https://registry.npmjs.org/iconv-lite/-/iconv-lite-0.4.24.tgz"
    "version" "0.4.24"
    dependencies:
      "safer-buffer" ">= 2.1.2 < 3"
  
  "ignore-by-default@^1.0.1":
    "integrity" "sha1-SMptcvbGo68Aqa1K5odr44ieKwk="
    "resolved" "https://registry.npmjs.org/ignore-by-default/-/ignore-by-default-1.0.1.tgz"
    "version" "1.0.1"
  
  "import-lazy@^2.1.0":
    "integrity" "sha1-BWmOPUXIjo1+nZLLBYTnfwlvPkM="
    "resolved" "https://registry.npmjs.org/import-lazy/-/import-lazy-2.1.0.tgz"
    "version" "2.1.0"
  
  "imurmurhash@^0.1.4":
    "integrity" "sha1-khi5srkoojixPcT7a21XbyMUU+o="
    "resolved" "https://registry.npmjs.org/imurmurhash/-/imurmurhash-0.1.4.tgz"
    "version" "0.1.4"
  
  "inflation@^2.0.0":
    "integrity" "sha1-i0F+R8KPklpFEz2RTKH9OJEH8w8="
    "resolved" "https://registry.npmjs.org/inflation/-/inflation-2.0.0.tgz"
    "version" "2.0.0"
  
  "inherits@~2.0.3", "inherits@2.0.4":
    "integrity" "sha512-k/vGaX4/Yla3WzyMCvTQOXYeIHvqOKtnqBduzTHpzpQZzAskKMhZ2K+EnBiSM9zGSoIFeMpXKxa4dYeZIQqewQ=="
    "resolved" "https://registry.npmjs.org/inherits/-/inherits-2.0.4.tgz"
    "version" "2.0.4"
  
  "ini@^1.3.4", "ini@~1.3.0":
    "integrity" "sha512-RZY5huIKCMRWDUqZlEi72f/lmXKMvuszcMBduliQ3nnWbx9X/ZBQO7DijMEYS9EhHBb2qacRUMtC7svLwe0lcw=="
    "resolved" "https://registry.npmjs.org/ini/-/ini-1.3.5.tgz"
    "version" "1.3.5"
  
  "is-binary-path@~2.1.0":
    "integrity" "sha512-ZMERYes6pDydyuGidse7OsHxtbI7WVeUEozgR/g7rd0xUimYNlvZRE/K2MgZTjWy725IfelLeVcEM97mmtRGXw=="
    "resolved" "https://registry.npmjs.org/is-binary-path/-/is-binary-path-2.1.0.tgz"
    "version" "2.1.0"
    dependencies:
      "binary-extensions" "^2.0.0"
  
  "is-ci@^1.0.10":
    "integrity" "sha512-s6tfsaQaQi3JNciBH6shVqEDvhGut0SUXr31ag8Pd8BBbVVlcGfWhpPmEOoM6RJ5TFhbypvf5yyRw/VXW1IiWg=="
    "resolved" "https://registry.npmjs.org/is-ci/-/is-ci-1.2.1.tgz"
    "version" "1.2.1"
    dependencies:
      "ci-info" "^1.5.0"
  
  "is-extglob@^2.1.1":
    "integrity" "sha1-qIwCU1eR8C7TfHahueqXc8gz+MI="
    "resolved" "https://registry.npmjs.org/is-extglob/-/is-extglob-2.1.1.tgz"
    "version" "2.1.1"
  
  "is-fullwidth-code-point@^2.0.0":
    "integrity" "sha1-o7MKXE8ZkYMWeqq5O+764937ZU8="
    "resolved" "https://registry.npmjs.org/is-fullwidth-code-point/-/is-fullwidth-code-point-2.0.0.tgz"
    "version" "2.0.0"
  
  "is-generator-function@^1.0.7":
    "integrity" "sha512-YZc5EwyO4f2kWCax7oegfuSr9mFz1ZvieNYBEjmukLxgXfBUbxAWGVF7GZf0zidYtoBl3WvC07YK0wT76a+Rtw=="
    "resolved" "https://registry.npmjs.org/is-generator-function/-/is-generator-function-1.0.7.tgz"
    "version" "1.0.7"
  
  "is-glob@^4.0.1", "is-glob@~4.0.1":
    "integrity" "sha512-5G0tKtBTFImOqDnLB2hG6Bp2qcKEFduo4tZu9MT/H6NQv/ghhy30o55ufafxJ/LdH79LLs2Kfrn85TLKyA7BUg=="
    "resolved" "https://registry.npmjs.org/is-glob/-/is-glob-4.0.1.tgz"
    "version" "4.0.1"
    dependencies:
      "is-extglob" "^2.1.1"
  
  "is-installed-globally@^0.1.0":
    "integrity" "sha1-Df2Y9akRFxbdU13aZJL2e/PSWoA="
    "resolved" "https://registry.npmjs.org/is-installed-globally/-/is-installed-globally-0.1.0.tgz"
    "version" "0.1.0"
    dependencies:
      "global-dirs" "^0.1.0"
      "is-path-inside" "^1.0.0"
  
  "is-npm@^1.0.0":
    "integrity" "sha1-8vtjpl5JBbQGyGBydloaTceTufQ="
    "resolved" "https://registry.npmjs.org/is-npm/-/is-npm-1.0.0.tgz"
    "version" "1.0.0"
  
  "is-number@^7.0.0":
    "integrity" "sha512-41Cifkg6e8TylSpdtTpeLVMqvSBEVzTttHvERD741+pnZ8ANv0004MRL43QKPDlK9cGvNp6NZWZUBlbGXYxxng=="
    "resolved" "https://registry.npmjs.org/is-number/-/is-number-7.0.0.tgz"
    "version" "7.0.0"
  
  "is-obj@^1.0.0":
    "integrity" "sha1-PkcprB9f3gJc19g6iW2rn09n2w8="
    "resolved" "https://registry.npmjs.org/is-obj/-/is-obj-1.0.1.tgz"
    "version" "1.0.1"
  
  "is-path-inside@^1.0.0":
    "integrity" "sha1-jvW33lBDej/cprToZe96pVy0gDY="
    "resolved" "https://registry.npmjs.org/is-path-inside/-/is-path-inside-1.0.1.tgz"
    "version" "1.0.1"
    dependencies:
      "path-is-inside" "^1.0.1"
  
  "is-redirect@^1.0.0":
    "integrity" "sha1-HQPd7VO9jbDzDCbk+V02/HyH3CQ="
    "resolved" "https://registry.npmjs.org/is-redirect/-/is-redirect-1.0.0.tgz"
    "version" "1.0.0"
  
  "is-retry-allowed@^1.0.0":
    "integrity" "sha512-RUbUeKwvm3XG2VYamhJL1xFktgjvPzL0Hq8C+6yrWIswDy3BIXGqCxhxkc30N9jqK311gVU137K8Ei55/zVJRg=="
    "resolved" "https://registry.npmjs.org/is-retry-allowed/-/is-retry-allowed-1.2.0.tgz"
    "version" "1.2.0"
  
  "is-stream@^1.0.0", "is-stream@^1.1.0":
    "integrity" "sha1-EtSj3U5o4Lec6428hBc66A2RykQ="
    "resolved" "https://registry.npmjs.org/is-stream/-/is-stream-1.1.0.tgz"
    "version" "1.1.0"
  
  "isarray@~1.0.0":
    "integrity" "sha512-VLghIWNM6ELQzo7zwmcg0NmTVyWKYjvIeM83yjp0wRDTmUnrM678fQbcKBo6n2CJEF0szoG//ytg+TKla89ALQ=="
    "resolved" "https://registry.npmjs.org/isarray/-/isarray-1.0.0.tgz"
    "version" "1.0.0"
  
  "isarray@0.0.1":
    "integrity" "sha1-ihis/Kmo9Bd+Cav8YDiTmwXR7t8="
    "resolved" "https://registry.npmjs.org/isarray/-/isarray-0.0.1.tgz"
    "version" "0.0.1"
  
  "isexe@^2.0.0":
    "integrity" "sha1-6PvzdNxVb/iUehDcsFctYz8s+hA="
    "resolved" "https://registry.npmjs.org/isexe/-/isexe-2.0.0.tgz"
    "version" "2.0.0"
  
  "keygrip@~1.1.0":
    "integrity" "sha512-iYSchDJ+liQ8iwbSI2QqsQOvqv58eJCEanyJPJi+Khyu8smkcKSFUCbPwzFcL7YVtZ6eONjqRX/38caJ7QjRAQ=="
    "resolved" "https://registry.npmjs.org/keygrip/-/keygrip-1.1.0.tgz"
    "version" "1.1.0"
    dependencies:
      "tsscmp" "1.0.6"
  
  "koa-bodyparser@^4.2.1":
    "integrity" "sha512-UIjPAlMZfNYDDe+4zBaOAUKYqkwAGcIU6r2ARf1UOXPAlfennQys5IiShaVeNf7KkVBlf88f2LeLvBFvKylttw=="
    "resolved" "https://registry.npmjs.org/koa-bodyparser/-/koa-bodyparser-4.2.1.tgz"
    "version" "4.2.1"
    dependencies:
      "co-body" "^6.0.0"
      "copy-to" "^2.0.1"
  
  "koa-compose@^3.0.0":
    "integrity" "sha1-qFzLQLfZhtjlo0Wzoazo6rz1Tec="
    "resolved" "https://registry.npmjs.org/koa-compose/-/koa-compose-3.2.1.tgz"
    "version" "3.2.1"
    dependencies:
      "any-promise" "^1.1.0"
  
  "koa-compose@^4.1.0":
    "integrity" "sha512-8ODW8TrDuMYvXRwra/Kh7/rJo9BtOfPc6qO8eAfC80CnCvSjSl0bkRM24X6/XBBEyj0v1nRUQ1LyOy3dbqOWXw=="
    "resolved" "https://registry.npmjs.org/koa-compose/-/koa-compose-4.1.0.tgz"
    "version" "4.1.0"
  
  "koa-convert@^1.2.0":
    "integrity" "sha1-2kCHXfSd4FOQmNFwC1CCDOvNIdA="
    "resolved" "https://registry.npmjs.org/koa-convert/-/koa-convert-1.2.0.tgz"
    "version" "1.2.0"
    dependencies:
      "co" "^4.6.0"
      "koa-compose" "^3.0.0"
  
  "koa-logger@^3.2.1":
    "integrity" "sha512-MjlznhLLKy9+kG8nAXKJLM0/ClsQp/Or2vI3a5rbSQmgl8IJBQO0KI5FA70BvW+hqjtxjp49SpH2E7okS6NmHg=="
    "resolved" "https://registry.npmjs.org/koa-logger/-/koa-logger-3.2.1.tgz"
    "version" "3.2.1"
    dependencies:
      "bytes" "^3.1.0"
      "chalk" "^2.4.2"
      "humanize-number" "0.0.2"
      "passthrough-counter" "^1.0.0"
  
  "koa-router@^7.4.0":
    "integrity" "sha512-IWhaDXeAnfDBEpWS6hkGdZ1ablgr6Q6pGdXCyK38RbzuH4LkUOpPqPw+3f8l8aTDrQmBQ7xJc0bs2yV4dzcO+g=="
    "resolved" "https://registry.npmjs.org/koa-router/-/koa-router-7.4.0.tgz"
    "version" "7.4.0"
    dependencies:
      "debug" "^3.1.0"
      "http-errors" "^1.3.1"
      "koa-compose" "^3.0.0"
      "methods" "^1.0.1"
      "path-to-regexp" "^1.1.1"
      "urijs" "^1.19.0"
  
  "koa@^2.11.0":
    "integrity" "sha512-EpR9dElBTDlaDgyhDMiLkXrPwp6ZqgAIBvhhmxQ9XN4TFgW+gEz6tkcsNI6BnUbUftrKDjVFj4lW2/J2aNBMMA=="
    "resolved" "https://registry.npmjs.org/koa/-/koa-2.11.0.tgz"
    "version" "2.11.0"
    dependencies:
      "accepts" "^1.3.5"
      "cache-content-type" "^1.0.0"
      "content-disposition" "~0.5.2"
      "content-type" "^1.0.4"
      "cookies" "~0.8.0"
      "debug" "~3.1.0"
      "delegates" "^1.0.0"
      "depd" "^1.1.2"
      "destroy" "^1.0.4"
      "encodeurl" "^1.0.2"
      "error-inject" "^1.0.0"
      "escape-html" "^1.0.3"
      "fresh" "~0.5.2"
      "http-assert" "^1.3.0"
      "http-errors" "^1.6.3"
      "is-generator-function" "^1.0.7"
      "koa-compose" "^4.1.0"
      "koa-convert" "^1.2.0"
      "on-finished" "^2.3.0"
      "only" "~0.0.2"
      "parseurl" "^1.3.2"
      "statuses" "^1.5.0"
      "type-is" "^1.6.16"
      "vary" "^1.1.2"
  
  "latest-version@^3.0.0":
    "integrity" "sha1-ogU4P+oyKzO1rjsYq+4NwvNW7hU="
    "resolved" "https://registry.npmjs.org/latest-version/-/latest-version-3.1.0.tgz"
    "version" "3.1.0"
    dependencies:
      "package-json" "^4.0.0"
  
  "lowercase-keys@^1.0.0":
    "integrity" "sha512-G2Lj61tXDnVFFOi8VZds+SoQjtQC3dgokKdDG2mTm1tx4m50NUHBOZSBwQQHyy0V12A0JTG4icfZQH+xPyh8VA=="
    "resolved" "https://registry.npmjs.org/lowercase-keys/-/lowercase-keys-1.0.1.tgz"
    "version" "1.0.1"
  
  "lru-cache@^4.0.1":
    "integrity" "sha512-sWZlbEP2OsHNkXrMl5GYk/jKk70MBng6UU4YI/qGDYbgf6YbP4EvmqISbXCoJiRKs+1bSpFHVgQxvJ17F2li5g=="
    "resolved" "https://registry.npmjs.org/lru-cache/-/lru-cache-4.1.5.tgz"
    "version" "4.1.5"
    dependencies:
      "pseudomap" "^1.0.2"
      "yallist" "^2.1.2"
  
  "make-dir@^1.0.0":
    "integrity" "sha512-2w31R7SJtieJJnQtGc7RVL2StM2vGYVfqUOvUDxH6bC6aJTxPxTF0GnIgCyu7tjockiUWAYQRbxa7vKn34s5sQ=="
    "resolved" "https://registry.npmjs.org/make-dir/-/make-dir-1.3.0.tgz"
    "version" "1.3.0"
    dependencies:
      "pify" "^3.0.0"
  
  "media-typer@0.3.0":
    "integrity" "sha1-hxDXrwqmJvj/+hzgAWhUUmMlV0g="
    "resolved" "https://registry.npmjs.org/media-typer/-/media-typer-0.3.0.tgz"
    "version" "0.3.0"
  
  "methods@^1.0.1":
    "integrity" "sha1-VSmk1nZUE07cxSZmVoNbD4Ua/O4="
    "resolved" "https://registry.npmjs.org/methods/-/methods-1.1.2.tgz"
    "version" "1.1.2"
  
  "mime-db@1.42.0":
    "integrity" "sha512-UbfJCR4UAVRNgMpfImz05smAXK7+c+ZntjaA26ANtkXLlOe947Aag5zdIcKQULAiF9Cq4WxBi9jUs5zkA84bYQ=="
    "resolved" "https://registry.npmjs.org/mime-db/-/mime-db-1.42.0.tgz"
    "version" "1.42.0"
  
  "mime-types@^2.1.18", "mime-types@~2.1.24":
    "integrity" "sha512-5KhStqB5xpTAeGqKBAMgwaYMnQik7teQN4IAzC7npDv6kzeU6prfkR67bc87J1kWMPGkoaZSq1npmexMgkmEVg=="
    "resolved" "https://registry.npmjs.org/mime-types/-/mime-types-2.1.25.tgz"
    "version" "2.1.25"
    dependencies:
      "mime-db" "1.42.0"
  
  "minimatch@^3.0.4":
    "integrity" "sha512-yJHVQEhyqPLUTgt9B83PXu6W3rx4MvvHvSUvToogpwoGDOUQ+yDrR0HRot+yOCdCO7u4hX3pWft6kWBBcqh0UA=="
    "resolved" "https://registry.npmjs.org/minimatch/-/minimatch-3.0.4.tgz"
    "version" "3.0.4"
    dependencies:
      "brace-expansion" "^1.1.7"
  
  "minimist@^1.2.0":
    "integrity" "sha1-o1AIsg9BOD7sH7kU9M1d95omQoQ="
    "resolved" "https://registry.npmjs.org/minimist/-/minimist-1.2.0.tgz"
    "version" "1.2.0"
  
  "ms@^2.1.1":
    "integrity" "sha512-sGkPx+VjMtmA6MX27oA4FBFELFCZZ4S4XqeGOXCv68tT+jb3vk/RyaKWP0PTKyWtmLSM0b+adUTEvbs1PEaH2w=="
    "resolved" "https://registry.npmjs.org/ms/-/ms-2.1.2.tgz"
    "version" "2.1.2"
  
  "ms@^2.1.3":
    "integrity" "sha512-6FlzubTLZG3J2a/NVCAleEhjzq5oxgHyaCU9yYXvcLsvoVaHJq/s5xXI6/XXP6tz7R9xAOtHnSO/tXtF3WRTlA=="
    "resolved" "https://registry.npmjs.org/ms/-/ms-2.1.3.tgz"
    "version" "2.1.3"
  
  "ms@2.0.0":
    "integrity" "sha1-VgiurfwAvmwpAd9fmGF4jeDVl8g="
    "resolved" "https://registry.npmjs.org/ms/-/ms-2.0.0.tgz"
    "version" "2.0.0"
  
  "ms@2.1.2":
    "integrity" "sha512-sGkPx+VjMtmA6MX27oA4FBFELFCZZ4S4XqeGOXCv68tT+jb3vk/RyaKWP0PTKyWtmLSM0b+adUTEvbs1PEaH2w=="
    "resolved" "https://registry.npmjs.org/ms/-/ms-2.1.2.tgz"
    "version" "2.1.2"
  
  "mysql@^2.18.1":
    "integrity" "sha512-Bca+gk2YWmqp2Uf6k5NFEurwY/0td0cpebAucFpY/3jhrwrVGuxU2uQFCHjU19SJfje0yQvi+rVWdq78hR5lig=="
    "resolved" "https://registry.npmjs.org/mysql/-/mysql-2.18.1.tgz"
    "version" "2.18.1"
    dependencies:
      "bignumber.js" "9.0.0"
      "readable-stream" "2.3.7"
      "safe-buffer" "5.1.2"
      "sqlstring" "2.3.1"
  
  "negotiator@0.6.2":
    "integrity" "sha512-hZXc7K2e+PgeI1eDBe/10Ard4ekbfrrqG8Ep+8Jmf4JID2bNg7NvCPOZN+kfF574pFQI7mum2AUqDidoKqcTOw=="
    "resolved" "https://registry.npmjs.org/negotiator/-/negotiator-0.6.2.tgz"
    "version" "0.6.2"
  
  "nodemon@^2.0.1":
    "integrity" "sha512-UC6FVhNLXjbbV4UzaXA3wUdbEkUZzLGgMGzmxvWAex5nzib/jhcSHVFlQODdbuUHq8SnnZ4/EABBAbC3RplvPg=="
    "resolved" "https://registry.npmjs.org/nodemon/-/nodemon-2.0.1.tgz"
    "version" "2.0.1"
    dependencies:
      "chokidar" "^3.2.2"
      "debug" "^3.2.6"
      "ignore-by-default" "^1.0.1"
      "minimatch" "^3.0.4"
      "pstree.remy" "^1.1.7"
      "semver" "^5.7.1"
      "supports-color" "^5.5.0"
      "touch" "^3.1.0"
      "undefsafe" "^2.0.2"
      "update-notifier" "^2.5.0"
  
  "nopt@~1.0.10":
    "integrity" "sha1-bd0hvSoxQXuScn3Vhfim83YI6+4="
    "resolved" "https://registry.npmjs.org/nopt/-/nopt-1.0.10.tgz"
    "version" "1.0.10"
    dependencies:
      "abbrev" "1"
  
  "normalize-path@^3.0.0", "normalize-path@~3.0.0":
    "integrity" "sha512-6eZs5Ls3WtCisHWp9S2GUy8dqkpGi4BVSz3GaqiE6ezub0512ESztXUwUB6C6IKbQkY2Pnb/mD4WYojCRwcwLA=="
    "resolved" "https://registry.npmjs.org/normalize-path/-/normalize-path-3.0.0.tgz"
    "version" "3.0.0"
  
  "npm-run-path@^2.0.0":
    "integrity" "sha1-NakjLfo11wZ7TLLd8jV7GHFTbF8="
    "resolved" "https://registry.npmjs.org/npm-run-path/-/npm-run-path-2.0.2.tgz"
    "version" "2.0.2"
    dependencies:
      "path-key" "^2.0.0"
  
  "on-finished@^2.3.0":
    "integrity" "sha1-IPEzZIGwg811M3mSoWlxqi2QaUc="
    "resolved" "https://registry.npmjs.org/on-finished/-/on-finished-2.3.0.tgz"
    "version" "2.3.0"
    dependencies:
      "ee-first" "1.1.1"
  
  "only@~0.0.2":
    "integrity" "sha1-Kv3oTQPlC5qO3EROMGEKcCle37Q="
    "resolved" "https://registry.npmjs.org/only/-/only-0.0.2.tgz"
    "version" "0.0.2"
  
  "p-finally@^1.0.0":
    "integrity" "sha1-P7z7FbiZpEEjs0ttzBi3JDNqLK4="
    "resolved" "https://registry.npmjs.org/p-finally/-/p-finally-1.0.0.tgz"
    "version" "1.0.0"
  
  "package-json@^4.0.0":
    "integrity" "sha1-iGmgQBJTZhxMTKPabCEh7VVfXu0="
    "resolved" "https://registry.npmjs.org/package-json/-/package-json-4.0.1.tgz"
    "version" "4.0.1"
    dependencies:
      "got" "^6.7.1"
      "registry-auth-token" "^3.0.1"
      "registry-url" "^3.0.3"
      "semver" "^5.1.0"
  
  "parseurl@^1.3.2":
    "integrity" "sha512-CiyeOxFT/JZyN5m0z9PfXw4SCBJ6Sygz1Dpl0wqjlhDEGGBP1GnsUVEL0p63hoG1fcj3fHynXi9NYO4nWOL+qQ=="
    "resolved" "https://registry.npmjs.org/parseurl/-/parseurl-1.3.3.tgz"
    "version" "1.3.3"
  
  "passthrough-counter@^1.0.0":
    "integrity" "sha1-GWfZ5m2lcrXAI8eH2xEqOHqxZvo="
    "resolved" "https://registry.npmjs.org/passthrough-counter/-/passthrough-counter-1.0.0.tgz"
    "version" "1.0.0"
  
  "path-is-inside@^1.0.1":
    "integrity" "sha1-NlQX3t5EQw0cEa9hAn+s8HS9/FM="
    "resolved" "https://registry.npmjs.org/path-is-inside/-/path-is-inside-1.0.2.tgz"
    "version" "1.0.2"
  
  "path-key@^2.0.0":
    "integrity" "sha1-QRyttXTFoUDTpLGRDUDYDMn0C0A="
    "resolved" "https://registry.npmjs.org/path-key/-/path-key-2.0.1.tgz"
    "version" "2.0.1"
  
  "path-to-regexp@^1.1.1":
    "integrity" "sha512-n43JRhlUKUAlibEJhPeir1ncUID16QnEjNpwzNdO3Lm4ywrBpBZ5oLD0I6br9evr1Y9JTqwRtAh7JLoOzAQdVA=="
    "resolved" "https://registry.npmjs.org/path-to-regexp/-/path-to-regexp-1.8.0.tgz"
    "version" "1.8.0"
    dependencies:
      "isarray" "0.0.1"
  
  "picomatch@^2.0.4":
    "integrity" "sha512-OYMyqkKzK7blWO/+XZYP6w8hH0LDvkBvdvKukti+7kqYFCiEAk+gI3DWnryapc0Dau05ugGTy0foQ6mqn4AHYA=="
    "resolved" "https://registry.npmjs.org/picomatch/-/picomatch-2.1.1.tgz"
    "version" "2.1.1"
  
  "pify@^3.0.0":
    "integrity" "sha1-5aSs0sEB/fPZpNB/DbxNtJ3SgXY="
    "resolved" "https://registry.npmjs.org/pify/-/pify-3.0.0.tgz"
    "version" "3.0.0"
  
  "prepend-http@^1.0.1":
    "integrity" "sha1-1PRWKwzjaW5BrFLQ4ALlemNdxtw="
    "resolved" "https://registry.npmjs.org/prepend-http/-/prepend-http-1.0.4.tgz"
    "version" "1.0.4"
  
  "process-nextick-args@~2.0.0":
    "integrity" "sha512-3ouUOpQhtgrbOa17J7+uxOTpITYWaGP7/AhoR3+A+/1e9skrzelGi/dXzEYyvbxubEF6Wn2ypscTKiKJFFn1ag=="
    "resolved" "https://registry.npmjs.org/process-nextick-args/-/process-nextick-args-2.0.1.tgz"
    "version" "2.0.1"
  
  "pseudomap@^1.0.2":
    "integrity" "sha1-8FKijacOYYkX7wqKw0wa5aaChrM="
    "resolved" "https://registry.npmjs.org/pseudomap/-/pseudomap-1.0.2.tgz"
    "version" "1.0.2"
  
  "pstree.remy@^1.1.7":
    "integrity" "sha512-xsMgrUwRpuGskEzBFkH8NmTimbZ5PcPup0LA8JJkHIm2IMUbQcpo3yeLNWVrufEYjh8YwtSVh0xz6UeWc5Oh5A=="
    "resolved" "https://registry.npmjs.org/pstree.remy/-/pstree.remy-1.1.7.tgz"
    "version" "1.1.7"
  
  "qs@^6.5.2":
    "integrity" "sha512-Cxm7/SS/y/Z3MHWSxXb8lIFqgqBowP5JMlTUFyJN88y0SGQhVmZnqFK/PeuMX9LzUyWsqqhNxIyg0jlzq946yA=="
    "resolved" "https://registry.npmjs.org/qs/-/qs-6.9.1.tgz"
    "version" "6.9.1"
  
  "raw-body@^2.3.3":
    "integrity" "sha512-9WmIKF6mkvA0SLmA2Knm9+qj89e+j1zqgyn8aXGd7+nAduPoqgI9lO57SAZNn/Byzo5P7JhXTyg9PzaJbH73bA=="
    "resolved" "https://registry.npmjs.org/raw-body/-/raw-body-2.4.1.tgz"
    "version" "2.4.1"
    dependencies:
      "bytes" "3.1.0"
      "http-errors" "1.7.3"
      "iconv-lite" "0.4.24"
      "unpipe" "1.0.0"
  
  "rc@^1.0.1", "rc@^1.1.6":
    "integrity" "sha512-y3bGgqKj3QBdxLbLkomlohkvsA8gdAiUQlSBJnBhfn+BPxg4bc62d8TcBW15wavDfgexCgccckhcZvywyQYPOw=="
    "resolved" "https://registry.npmjs.org/rc/-/rc-1.2.8.tgz"
    "version" "1.2.8"
    dependencies:
      "deep-extend" "^0.6.0"
      "ini" "~1.3.0"
      "minimist" "^1.2.0"
      "strip-json-comments" "~2.0.1"
  
  "readable-stream@2.3.7":
    "integrity" "sha512-Ebho8K4jIbHAxnuxi7o42OrZgF/ZTNcsZj6nRKyUmkhLFq8CHItp/fy6hQZuZmP/n3yZ9VBUbp4zz/mX8hmYPw=="
    "resolved" "https://registry.npmjs.org/readable-stream/-/readable-stream-2.3.7.tgz"
    "version" "2.3.7"
    dependencies:
      "core-util-is" "~1.0.0"
      "inherits" "~2.0.3"
      "isarray" "~1.0.0"
      "process-nextick-args" "~2.0.0"
      "safe-buffer" "~5.1.1"
      "string_decoder" "~1.1.1"
      "util-deprecate" "~1.0.1"
  
  "readdirp@~3.2.0":
    "integrity" "sha512-crk4Qu3pmXwgxdSgGhgA/eXiJAPQiX4GMOZZMXnqKxHX7TaoL+3gQVo/WeuAiogr07DpnfjIMpXXa+PAIvwPGQ=="
    "resolved" "https://registry.npmjs.org/readdirp/-/readdirp-3.2.0.tgz"
    "version" "3.2.0"
    dependencies:
      "picomatch" "^2.0.4"
  
  "registry-auth-token@^3.0.1":
    "integrity" "sha512-4LM6Fw8eBQdwMYcES4yTnn2TqIasbXuwDx3um+QRs7S55aMKCBKBxvPXl2RiUjHwuJLTyYfxSpmfSAjQpcuP+A=="
    "resolved" "https://registry.npmjs.org/registry-auth-token/-/registry-auth-token-3.4.0.tgz"
    "version" "3.4.0"
    dependencies:
      "rc" "^1.1.6"
      "safe-buffer" "^5.0.1"
  
  "registry-url@^3.0.3":
    "integrity" "sha1-PU74cPc93h138M+aOBQyRE4XSUI="
    "resolved" "https://registry.npmjs.org/registry-url/-/registry-url-3.1.0.tgz"
    "version" "3.1.0"
    dependencies:
      "rc" "^1.0.1"
  
  "safe-buffer@^5.0.1":
    "integrity" "sha512-fZEwUGbVl7kouZs1jCdMLdt95hdIv0ZeHg6L7qPeciMZhZ+/gdesW4wgTARkrFWEpspjEATAzUGPG8N2jJiwbg=="
    "resolved" "https://registry.npmjs.org/safe-buffer/-/safe-buffer-5.2.0.tgz"
    "version" "5.2.0"
  
  "safe-buffer@~5.1.0":
    "integrity" "sha512-Gd2UZBJDkXlY7GbJxfsE8/nvKkUEU1G38c1siN6QP6a9PT9MmHB8GnpscSmMJSoF8LOIrt8ud/wPtojys4G6+g=="
    "resolved" "https://registry.npmjs.org/safe-buffer/-/safe-buffer-5.1.2.tgz"
    "version" "5.1.2"
  
  "safe-buffer@~5.1.1":
    "integrity" "sha512-Gd2UZBJDkXlY7GbJxfsE8/nvKkUEU1G38c1siN6QP6a9PT9MmHB8GnpscSmMJSoF8LOIrt8ud/wPtojys4G6+g=="
    "resolved" "https://registry.npmjs.org/safe-buffer/-/safe-buffer-5.1.2.tgz"
    "version" "5.1.2"
  
  "safe-buffer@5.1.2":
    "integrity" "sha512-Gd2UZBJDkXlY7GbJxfsE8/nvKkUEU1G38c1siN6QP6a9PT9MmHB8GnpscSmMJSoF8LOIrt8ud/wPtojys4G6+g=="
    "resolved" "https://registry.npmjs.org/safe-buffer/-/safe-buffer-5.1.2.tgz"
    "version" "5.1.2"
  
  "safer-buffer@>= 2.1.2 < 3":
    "integrity" "sha512-YZo3K82SD7Riyi0E1EQPojLz7kpepnSQI9IyPbHHg1XXXevb5dJI7tpyN2ADxGcQbHG7vcyRHk0cbwqcQriUtg=="
    "resolved" "https://registry.npmjs.org/safer-buffer/-/safer-buffer-2.1.2.tgz"
    "version" "2.1.2"
  
  "secure-json-parse@^2.4.0":
    "integrity" "sha512-6aU+Rwsezw7VR8/nyvKTx8QpWH9FrcYiXXlqC4z5d5XQBDRqtbfsRjnwGyqbi3gddNtWHuEk9OANUotL26qKUw=="
    "resolved" "https://registry.npmjs.org/secure-json-parse/-/secure-json-parse-2.7.0.tgz"
    "version" "2.7.0"
  
  "semver-diff@^2.0.0":
    "integrity" "sha1-S7uEN8jTfksM8aaP1ybsbWRdbTY="
    "resolved" "https://registry.npmjs.org/semver-diff/-/semver-diff-2.1.0.tgz"
    "version" "2.1.0"
    dependencies:
      "semver" "^5.0.3"
  
  "semver@^5.0.3", "semver@^5.1.0", "semver@^5.7.1":
    "integrity" "sha512-sauaDf/PZdVgrLTNYHRtpXa1iRiKcaebiKQ1BJdpQlWH2lCvexQdX55snPFyK7QzpudqbCI0qXFfOasHdyNDGQ=="
    "resolved" "https://registry.npmjs.org/semver/-/semver-5.7.1.tgz"
    "version" "5.7.1"
  
  "setprototypeof@1.1.1":
    "integrity" "sha512-JvdAWfbXeIGaZ9cILp38HntZSFSo3mWg6xGcJJsd+d4aRMOqauag1C63dJfDw7OaMYwEbHMOxEZ1lqVRYP2OAw=="
    "resolved" "https://registry.npmjs.org/setprototypeof/-/setprototypeof-1.1.1.tgz"
    "version" "1.1.1"
  
  "shebang-command@^1.2.0":
    "integrity" "sha1-RKrGW2lbAzmJaMOfNj/uXer98eo="
    "resolved" "https://registry.npmjs.org/shebang-command/-/shebang-command-1.2.0.tgz"
    "version" "1.2.0"
    dependencies:
      "shebang-regex" "^1.0.0"
  
  "shebang-regex@^1.0.0":
    "integrity" "sha1-2kL0l0DAtC2yypcoVxyxkMmO/qM="
    "resolved" "https://registry.npmjs.org/shebang-regex/-/shebang-regex-1.0.0.tgz"
    "version" "1.0.0"
  
  "signal-exit@^3.0.0", "signal-exit@^3.0.2":
    "integrity" "sha1-tf3AjxKH6hF4Yo5BXiUTK3NkbG0="
    "resolved" "https://registry.npmjs.org/signal-exit/-/signal-exit-3.0.2.tgz"
    "version" "3.0.2"
  
  "sqlstring@2.3.1":
    "integrity" "sha512-ooAzh/7dxIG5+uDik1z/Rd1vli0+38izZhGzSa34FwR7IbelPWCCKSNIl8jlL/F7ERvy8CB2jNeM1E9i9mXMAQ=="
    "resolved" "https://registry.npmjs.org/sqlstring/-/sqlstring-2.3.1.tgz"
    "version" "2.3.1"
  
  "statuses@^1.5.0", "statuses@>= 1.5.0 < 2":
    "integrity" "sha1-Fhx9rBd2Wf2YEfQ3cfqZOBR4Yow="
    "resolved" "https://registry.npmjs.org/statuses/-/statuses-1.5.0.tgz"
    "version" "1.5.0"
  
  "streamsearch@^1.1.0":
    "integrity" "sha512-Mcc5wHehp9aXz1ax6bZUyY5afg9u2rv5cqQI3mRrYkGC8rW2hM02jWuwjtL++LS5qinSyhj2QfLyNsuc+VsExg=="
    "resolved" "https://registry.npmjs.org/streamsearch/-/streamsearch-1.1.0.tgz"
    "version" "1.1.0"
  
  "string_decoder@~1.1.1":
    "integrity" "sha512-n/ShnvDi6FHbbVfviro+WojiFzv+s8MPMHBczVePfUpDJLwoLT0ht1l4YwBCbi8pJAveEEdnkHyPyTP/mzRfwg=="
    "resolved" "https://registry.npmjs.org/string_decoder/-/string_decoder-1.1.1.tgz"
    "version" "1.1.1"
    dependencies:
      "safe-buffer" "~5.1.0"
  
  "string-width@^2.0.0", "string-width@^2.1.1":
    "integrity" "sha512-nOqH59deCq9SRHlxq1Aw85Jnt4w6KvLKqWVik6oA9ZklXLNIOlqg4F2yrT1MVaTjAqvVwdfeZ7w7aCvJD7ugkw=="
    "resolved" "https://registry.npmjs.org/string-width/-/string-width-2.1.1.tgz"
    "version" "2.1.1"
    dependencies:
      "is-fullwidth-code-point" "^2.0.0"
      "strip-ansi" "^4.0.0"
  
  "strip-ansi@^4.0.0":
    "integrity" "sha1-qEeQIusaw2iocTibY1JixQXuNo8="
    "resolved" "https://registry.npmjs.org/strip-ansi/-/strip-ansi-4.0.0.tgz"
    "version" "4.0.0"
    dependencies:
      "ansi-regex" "^3.0.0"
  
  "strip-eof@^1.0.0":
    "integrity" "sha1-u0P/VZim6wXYm1n80SnJgzE2Br8="
    "resolved" "https://registry.npmjs.org/strip-eof/-/strip-eof-1.0.0.tgz"
    "version" "1.0.0"
  
  "strip-json-comments@~2.0.1":
    "integrity" "sha1-PFMZQukIwml8DsNEhYwobHygpgo="
    "resolved" "https://registry.npmjs.org/strip-json-comments/-/strip-json-comments-2.0.1.tgz"
    "version" "2.0.1"
  
  "supports-color@^5.3.0", "supports-color@^5.5.0":
    "integrity" "sha512-QjVjwdXIt408MIiAqCX4oUKsgU2EqAGzs2Ppkm4aQYbjm+ZEWEcW4SfFNTr4uMNZma0ey4f5lgLrkB0aX0QMow=="
    "resolved" "https://registry.npmjs.org/supports-color/-/supports-color-5.5.0.tgz"
    "version" "5.5.0"
    dependencies:
      "has-flag" "^3.0.0"
  
  "term-size@^1.2.0":
    "integrity" "sha1-RYuDiH8oj8Vtb/+/rSYuJmOO+mk="
    "resolved" "https://registry.npmjs.org/term-size/-/term-size-1.2.0.tgz"
    "version" "1.2.0"
    dependencies:
      "execa" "^0.7.0"
  
  "timed-out@^4.0.0":
    "integrity" "sha1-8y6srFoXW+ol1/q1Zas+2HQe9W8="
    "resolved" "https://registry.npmjs.org/timed-out/-/timed-out-4.0.1.tgz"
    "version" "4.0.1"
  
  "to-regex-range@^5.0.1":
    "integrity" "sha512-65P7iz6X5yEr1cwcgvQxbbIw7Uk3gOy5dIdtZ4rDveLqhrdJP+Li/Hx6tyK0NEb+2GCyneCMJiGqrADCSNk8sQ=="
    "resolved" "https://registry.npmjs.org/to-regex-range/-/to-regex-range-5.0.1.tgz"
    "version" "5.0.1"
    dependencies:
      "is-number" "^7.0.0"
  
  "toidentifier@1.0.0":
    "integrity" "sha512-yaOH/Pk/VEhBWWTlhI+qXxDFXlejDGcQipMlyxda9nthulaxLZUNcUqFxokp0vcYnvteJln5FNQDRrxj3YcbVw=="
    "resolved" "https://registry.npmjs.org/toidentifier/-/toidentifier-1.0.0.tgz"
    "version" "1.0.0"
  
  "touch@^3.1.0":
    "integrity" "sha512-WBx8Uy5TLtOSRtIq+M03/sKDrXCLHxwDcquSP2c43Le03/9serjQBIztjRz6FkJez9D/hleyAXTBGLwwZUw9lA=="
    "resolved" "https://registry.npmjs.org/touch/-/touch-3.1.0.tgz"
    "version" "3.1.0"
    dependencies:
      "nopt" "~1.0.10"
  
  "tslib@^2.4.0":
    "integrity" "sha512-336iVw3rtn2BUK7ORdIAHTyxHGRIHVReokCR3XjbckJMK7ms8FysBfhLR8IXnAgy7T0PTPNBWKiH514FOW/WSg=="
    "resolved" "https://registry.npmjs.org/tslib/-/tslib-2.5.0.tgz"
    "version" "2.5.0"
  
  "tsscmp@1.0.6":
    "integrity" "sha512-LxhtAkPDTkVCMQjt2h6eBVY28KCjikZqZfMcC15YBeNjkgUpdCfBu5HoiOTDu86v6smE8yOjyEktJ8hlbANHQA=="
    "resolved" "https://registry.npmjs.org/tsscmp/-/tsscmp-1.0.6.tgz"
    "version" "1.0.6"
  
  "type-is@^1.6.16":
    "integrity" "sha512-TkRKr9sUTxEH8MdfuCSP7VizJyzRNMjj2J2do2Jr3Kym598JVdEksuzPQCnlFPW4ky9Q+iA+ma9BGm06XQBy8g=="
    "resolved" "https://registry.npmjs.org/type-is/-/type-is-1.6.18.tgz"
    "version" "1.6.18"
    dependencies:
      "media-typer" "0.3.0"
      "mime-types" "~2.1.24"
  
  "undefsafe@^2.0.2":
    "integrity" "sha1-Il9rngM3Zj4Njnz9aG/Cg2zKznY="
    "resolved" "https://registry.npmjs.org/undefsafe/-/undefsafe-2.0.2.tgz"
    "version" "2.0.2"
    dependencies:
      "debug" "^2.2.0"
  
  "undici@^5.5.1":
    "integrity" "sha512-HOjK8l6a57b2ZGXOcUsI5NLfoTrfmbOl90ixJDl0AEFG4wgHNDQxtZy15/ZQp7HhjkpaGlp/eneMgtsu1dIlUA=="
    "resolved" "https://registry.npmjs.org/undici/-/undici-5.21.0.tgz"
    "version" "5.21.0"
    dependencies:
      "busboy" "^1.6.0"
  
  "unique-string@^1.0.0":
    "integrity" "sha1-nhBXzKhRq7kzmPizOuGHuZyuwRo="
    "resolved" "https://registry.npmjs.org/unique-string/-/unique-string-1.0.0.tgz"
    "version" "1.0.0"
    dependencies:
      "crypto-random-string" "^1.0.0"
  
  "unpipe@1.0.0":
    "integrity" "sha1-sr9O6FFKrmFltIF4KdIbLvSZBOw="
    "resolved" "https://registry.npmjs.org/unpipe/-/unpipe-1.0.0.tgz"
    "version" "1.0.0"
  
  "unzip-response@^2.0.1":
    "integrity" "sha1-0vD3N9FrBhXnKmk17QQhRXLVb5c="
    "resolved" "https://registry.npmjs.org/unzip-response/-/unzip-response-2.0.1.tgz"
    "version" "2.0.1"
  
  "update-notifier@^2.5.0":
    "integrity" "sha512-gwMdhgJHGuj/+wHJJs9e6PcCszpxR1b236igrOkUofGhqJuG+amlIKwApH1IW1WWl7ovZxsX49lMBWLxSdm5Dw=="
    "resolved" "https://registry.npmjs.org/update-notifier/-/update-notifier-2.5.0.tgz"
    "version" "2.5.0"
    dependencies:
      "boxen" "^1.2.1"
      "chalk" "^2.0.1"
      "configstore" "^3.0.0"
      "import-lazy" "^2.1.0"
      "is-ci" "^1.0.10"
      "is-installed-globally" "^0.1.0"
      "is-npm" "^1.0.0"
      "latest-version" "^3.0.0"
      "semver-diff" "^2.0.0"
      "xdg-basedir" "^3.0.0"
  
  "urijs@^1.19.0":
    "integrity" "sha512-s/UIq9ap4JPZ7H1EB5ULo/aOUbWqfDi7FKzMC2Nz+0Si8GiT1rIEaprt8hy3Vy2Ex2aJPpOQv4P4DuOZ+K1c6w=="
    "resolved" "https://registry.npmjs.org/urijs/-/urijs-1.19.2.tgz"
    "version" "1.19.2"
  
  "url-parse-lax@^1.0.0":
    "integrity" "sha1-evjzA2Rem9eaJy56FKxovAYJ2nM="
    "resolved" "https://registry.npmjs.org/url-parse-lax/-/url-parse-lax-1.0.0.tgz"
    "version" "1.0.0"
    dependencies:
      "prepend-http" "^1.0.1"
  
  "util-deprecate@~1.0.1":
    "integrity" "sha512-EPD5q1uXyFxJpCrLnCc1nHnq3gOa6DZBocAIiI2TaSCA7VCJ1UJDMagCzIkXNsUYfD1daK//LTEQ8xiIbrHtcw=="
    "resolved" "https://registry.npmjs.org/util-deprecate/-/util-deprecate-1.0.2.tgz"
    "version" "1.0.2"
  
  "vary@^1.1.2":
    "integrity" "sha1-IpnwLG3tMNSllhsLn3RSShj2NPw="
    "resolved" "https://registry.npmjs.org/vary/-/vary-1.1.2.tgz"
    "version" "1.1.2"
  
  "which@^1.2.9":
    "integrity" "sha512-HxJdYWq1MTIQbJ3nw0cqssHoTNU267KlrDuGZ1WYlxDStUtKUhOaJmh112/TZmHxxUfuJqPXSOm7tDyas0OSIQ=="
    "resolved" "https://registry.npmjs.org/which/-/which-1.3.1.tgz"
    "version" "1.3.1"
    dependencies:
      "isexe" "^2.0.0"
  
  "widest-line@^2.0.0":
    "integrity" "sha512-Ba5m9/Fa4Xt9eb2ELXt77JxVDV8w7qQrH0zS/TWSJdLyAwQjWoOzpzj5lwVftDz6n/EOu3tNACS84v509qwnJA=="
    "resolved" "https://registry.npmjs.org/widest-line/-/widest-line-2.0.1.tgz"
    "version" "2.0.1"
    dependencies:
      "string-width" "^2.1.1"
  
  "write-file-atomic@^2.0.0":
    "integrity" "sha512-GaETH5wwsX+GcnzhPgKcKjJ6M2Cq3/iZp1WyY/X1CSqrW+jVNM9Y7D8EC2sM4ZG/V8wZlSniJnCKWPmBYAucRQ=="
    "resolved" "https://registry.npmjs.org/write-file-atomic/-/write-file-atomic-2.4.3.tgz"
    "version" "2.4.3"
    dependencies:
      "graceful-fs" "^4.1.11"
      "imurmurhash" "^0.1.4"
      "signal-exit" "^3.0.2"
  
  "xdg-basedir@^3.0.0":
    "integrity" "sha1-SWsswQnsqNus/i3HK2A8F8WHCtQ="
    "resolved" "https://registry.npmjs.org/xdg-basedir/-/xdg-basedir-3.0.0.tgz"
    "version" "3.0.0"
  
  "yallist@^2.1.2":
    "integrity" "sha1-HBH5IY8HYImkfdUS+TxmmaaoHVI="
    "resolved" "https://registry.npmjs.org/yallist/-/yallist-2.1.2.tgz"
    "version" "2.1.2"
  
  "ylru@^1.2.0":
    "integrity" "sha512-faQrqNMzcPCHGVC2aaOINk13K+aaBDUPjGWl0teOXywElLjyVAB6Oe2jj62jHYtwsU49jXhScYbvPENK+6zAvQ=="
    "resolved" "https://registry.npmjs.org/ylru/-/ylru-1.2.1.tgz"
    "version" "1.2.1"
